[WV 6en4] w_v=0.0006 N=2500 (4.0ms)

******************************************************************************
This program contains Ipopt, a library for large-scale nonlinear optimization.
 Ipopt is released as open source code under the Eclipse Public License (EPL).
         For more information visit https://github.com/coin-or/Ipopt
******************************************************************************

This is Ipopt version 3.14.11, running with linear solver MUMPS 5.4.1.

Number of nonzeros in equality constraint Jacobian...:  1052520
Number of nonzeros in inequality constraint Jacobian.:     5020
Number of nonzeros in Lagrangian Hessian.............:   525210

Total number of variables............................:    52520
                     variables with only lower bounds:        0
                variables with lower and upper bounds:        0
                     variables with only upper bounds:        0
Total number of equality constraints.................:    50020
Total number of inequality constraints...............:     5020
        inequality constraints with only lower bounds:        0
   inequality constraints with lower and upper bounds:     5020
        inequality constraints with only upper bounds:        0

iter    objective    inf_pr   inf_du lg(mu)  ||d||  lg(rg) alpha_du alpha_pr  ls
   0  2.4895076e+05 1.46e+02 1.99e-01   0.0 0.00e+00    -  0.00e+00 0.00e+00   0
   1  2.4191236e+05 1.44e+02 3.50e-01  -4.3 1.46e+02    -  1.93e-02 1.52e-02f  1
   2  2.3771121e+05 1.43e+02 1.95e+00  -4.3 1.44e+02    -  6.41e-03 9.31e-03f  1
   3  2.0792274e+05 1.33e+02 1.58e+01  -4.3 1.43e+02    -  8.03e-03 6.92e-02f  1
   4  2.0013902e+05 1.30e+02 1.55e+01  -4.3 1.33e+02    -  1.10e-01 2.03e-02f  1
   5  1.6944784e+05 1.19e+02 1.85e+01  -4.3 1.30e+02    -  1.11e-01 8.58e-02f  1
   6  1.4943773e+05 1.11e+02 1.02e+01  -4.4 1.19e+02    -  1.17e-01 6.59e-02f  1
   7  6.3012929e+04 6.87e+01 6.47e+01  -4.4 1.11e+02    -  7.07e-02 3.82e-01f  1
   8  5.6172125e+04 6.43e+01 5.75e+01  -4.5 6.88e+01    -  1.81e-01 6.38e-02f  1
   9  5.4711381e+04 6.34e+01 5.65e+01  -4.6 1.19e+02  -3.6 2.07e-02 1.51e-02f  1
iter    objective    inf_pr   inf_du lg(mu)  ||d||  lg(rg) alpha_du alpha_pr  ls
  10  5.4338019e+04 6.31e+01 5.63e+01  -4.6 2.09e+02    -  1.93e-03 3.95e-03f  1
  11  5.1733884e+04 6.13e+01 5.49e+01  -4.6 7.40e+01    -  1.07e-02 2.80e-02f  1
  12  5.1266195e+04 6.10e+01 5.46e+01  -4.6 6.15e+01    -  6.53e-03 5.25e-03f  1
  13  4.2331106e+04 5.45e+01 1.34e+02  -4.6 6.11e+01    -  1.97e-04 1.06e-01f  1
  14  4.1810112e+04 5.41e+01 1.59e+02  -4.6 5.47e+01    -  2.57e-02 7.28e-03f  1
  15  2.9491291e+04 4.39e+01 1.39e+02  -4.6 5.43e+01    -  5.73e-04 1.89e-01f  1
  16  2.4813456e+04 3.94e+01 1.38e+02  -4.6 4.40e+01    -  2.70e-01 1.01e-01f  1
  17  2.2926124e+04 3.75e+01 1.31e+02  -4.7 3.95e+01  -2.7 4.82e-02 4.85e-02f  1
  18  2.2079635e+04 3.66e+01 1.20e+02  -4.7 3.76e+01  -2.3 1.19e-03 2.36e-02f  1
  19  1.4235894e+04 2.74e+01 9.04e+01  -4.7 3.67e+01  -2.8 1.44e-01 2.50e-01f  1
iter    objective    inf_pr   inf_du lg(mu)  ||d||  lg(rg) alpha_du alpha_pr  ls
  20  1.3945925e+04 2.70e+01 8.91e+01  -4.8 2.75e+01    -  5.87e-02 1.39e-02h  1
  21  1.0120126e+04 2.15e+01 3.34e+02  -4.8 5.82e+01    -  3.60e-04 2.03e-01f  1
  22  5.6108250e+03 1.34e+01 2.09e+02  -4.8 2.16e+01  -3.3 4.00e-01 3.74e-01f  1
  23  4.7144031e+03 1.15e+01 1.79e+02  -5.1 1.36e+01  -3.3 2.71e-02 1.46e-01h  1
  24  1.8456787e+03 3.29e+00 5.24e+01  -5.1 1.18e+01    -  8.90e-02 7.07e-01f  1
  25  1.7853571e+03 3.06e+00 4.89e+01  -5.1 3.40e+00    -  4.06e-01 6.69e-02h  1
  26  1.5202237e+03 2.01e+00 3.27e+01  -5.3 3.26e+00    -  1.84e-02 3.31e-01h  1
  27  1.5003650e+03 1.93e+00 3.15e+01  -5.3 2.13e+00    -  5.24e-01 3.87e-02h  1
  28  1.4443992e+03 1.69e+00 2.79e+01  -5.7 1.40e+01    -  7.71e-03 1.14e-01h  1
  29  1.0466341e+03 4.12e-02 6.28e+00  -5.7 1.84e+00  -3.8 6.69e-01 1.00e+00h  1
iter    objective    inf_pr   inf_du lg(mu)  ||d||  lg(rg) alpha_du alpha_pr  ls
  30  1.0368842e+03 3.52e-02 5.42e+00  -6.1 2.75e+00  -3.8 1.15e-01 1.40e-01h  1
  31  1.0367485e+03 3.52e-02 2.24e+01  -6.2 2.34e+00  -3.4 1.69e-01 1.46e-03h  1
  32  1.0366734e+03 3.52e-02 3.20e+01  -6.3 1.09e+00  -3.0 8.84e-03 8.20e-04h  1
  33  1.0365570e+03 3.51e-02 5.13e+01  -6.3 2.12e+00  -3.5 9.93e-03 9.19e-04h  1
  34  1.0362038e+03 3.51e-02 1.29e+01  -2.4 9.21e+02  -3.0 1.63e-03 3.12e-04f  1
  35  1.0361522e+03 3.51e-02 6.97e+01  -6.3 6.04e-01  -2.6 8.27e-02 7.33e-04h  1
  36  1.0312747e+03 3.38e-02 6.67e+01  -6.3 1.58e+00  -3.1 1.75e-02 3.59e-02h  1
  37  1.0291881e+03 3.31e-02 6.41e+01  -6.3 7.26e-01  -2.7 5.28e-02 2.25e-02h  1
  38  1.0281447e+03 3.30e-02 6.68e+01  -2.5 7.21e+01  -3.6 2.51e-03 1.21e-03f  1
  39  1.0277520e+03 3.30e-02 9.17e+01  -6.4 3.28e+00  -3.7 1.91e-02 1.66e-03h  1
iter    objective    inf_pr   inf_du lg(mu)  ||d||  lg(rg) alpha_du alpha_pr  ls
  40  1.0268231e+03 3.29e-02 8.49e+01  -2.5 2.03e+01  -3.2 1.88e-03 1.45e-03f  1
  41  1.0183882e+03 3.26e-02 8.82e+01  -2.5 2.44e+01  -4.2 1.95e-02 1.02e-02f  1
  42  1.0120004e+03 3.21e-02 7.97e+01  -2.5 3.58e+00  -2.9 1.28e-02 1.65e-02f  1
  43  9.9672814e+02 3.04e-02 7.41e+01  -6.4 3.81e+00  -3.8 4.86e-02 5.06e-02f  1
  44  9.8591976e+02 2.70e-02 7.62e+01  -6.4 5.50e-01  -2.5 1.33e-01 1.12e-01f  1
  45  9.4468182e+02 2.18e-02 1.78e+01  -6.5 1.38e+00  -3.0 5.19e-02 1.91e-01f  1
  46  9.1741598e+02 1.71e-02 6.03e+01  -6.5 7.29e-01  -2.5 3.52e-01 2.17e-01f  1
  47  8.4872614e+02 1.35e-02 4.72e+01  -6.7 1.97e+00  -3.0 2.02e-01 2.07e-01f  1
  48  8.3636337e+02 1.34e-02 3.89e+01  -6.8 5.56e+00  -4.0 1.47e-01 1.35e-02f  1
  49  7.2931971e+02 5.87e-03 2.39e+02  -2.9 1.54e+00  -2.6 3.21e-02 5.60e-01f  1
iter    objective    inf_pr   inf_du lg(mu)  ||d||  lg(rg) alpha_du alpha_pr  ls
  50  7.2373346e+02 5.77e-03 2.46e+02  -6.9 2.20e+00  -3.1 2.20e-01 1.66e-02f  1
  51  7.0296580e+02 5.12e-03 2.32e+02  -3.1 1.20e+00  -2.7 2.19e-01 1.13e-01f  1
  52  6.5862855e+02 4.45e-03 2.75e+02  -7.1 2.36e+00  -3.2 2.57e-01 1.27e-01f  1
  53  6.1485171e+02 3.35e-03 1.08e+02  -3.1 1.24e+00  -2.7 1.56e-01 2.44e-01f  1
  54  4.9833502e+02 2.24e-03 7.92e+01  -3.2 4.43e+00  -3.7 1.03e-01 1.98e-01f  1
  55  4.8941667e+02 2.19e-03 1.92e+02  -7.3 3.89e+00  -3.7 3.63e-01 1.86e-02f  1
  56  2.3506586e+02 8.65e-03 1.41e+02  -2.9 4.55e+00  -3.8 1.71e-01 5.48e-01f  1
  57  2.0971411e+02 5.07e-04 3.04e+00  -3.1 3.61e-01  -2.5 1.00e+00 9.50e-01f  1
  58  1.5793206e+02 6.05e-04 4.14e-03  -3.5 8.22e-01  -2.9 1.00e+00 1.00e+00f  1
  59  1.0003127e+02 3.12e-03 8.88e-01  -4.2 1.33e+00  -3.4 9.96e-01 1.00e+00f  1
iter    objective    inf_pr   inf_du lg(mu)  ||d||  lg(rg) alpha_du alpha_pr  ls
  60  9.8151382e+01 1.20e-05 4.94e-04  -4.8 6.12e-02  -2.1 1.00e+00 1.00e+00h  1
  61  9.3882075e+01 4.78e-05 9.09e-01  -5.5 1.63e-01  -2.6 9.94e-01 9.14e-01f  1
  62  8.2551054e+01 1.56e-03 2.64e+01  -6.6 1.22e+00  -3.5 9.23e-01 6.58e-01f  1
  63  7.8067154e+01 4.67e-04 3.48e-04  -7.9 4.37e-01  -3.1 1.00e+00 1.00e+00h  1
  64  7.0322840e+01 2.82e-02 8.30e+00  -9.0 3.15e+00  -4.1 9.09e-01 1.00e+00f  1
  65  6.6861975e+01 1.74e-02 2.59e+00  -9.4 2.51e+00  -4.1 9.12e-01 1.00e+00h  1
  66  6.6728259e+01 4.30e-04 2.79e-03 -10.8 2.27e-01  -2.8 1.00e+00 1.00e+00h  1
  67  6.6674926e+01 3.77e-06 6.12e-03  -8.9 4.06e-02  -2.3 9.97e-01 1.00e+00h  1
  68  6.6519615e+01 3.58e-05 1.76e-04 -10.4 1.18e-01  -2.8 1.00e+00 1.00e+00h  1
  69  6.5247208e+01 2.65e-03 2.16e+00  -9.5 9.53e-01  -3.8 5.78e-02 1.00e+00h  1
iter    objective    inf_pr   inf_du lg(mu)  ||d||  lg(rg) alpha_du alpha_pr  ls
  70  6.3969653e+01 2.83e-03 2.50e-01  -8.2 8.96e-01  -3.8 9.16e-01 1.00e+00h  1
  71  6.2691097e+01 3.07e-03 4.53e-01  -8.5 9.48e-01  -3.9 7.82e-02 1.00e+00h  1
  72  6.1412226e+01 3.22e-03 1.77e-02  -8.6 1.04e+00  -3.9 9.59e-01 1.00e+00h  1
  73  6.1349847e+01 3.00e-05 4.86e-03  -8.9 6.48e-02  -2.6 1.00e+00 9.90e-01h  1
  74  6.1328082e+01 8.65e-07 1.19e-04 -10.6 1.79e-02  -2.2 1.00e+00 1.00e+00h  1
  75  6.1263515e+01 8.36e-06 1.19e-04 -11.0 5.38e-02  -2.7 1.00e+00 1.00e+00h  1
  76  6.0707093e+01 6.35e-04 1.29e-04 -11.0 4.76e-01  -3.6 1.00e+00 1.00e+00h  1
  77  6.0114350e+01 7.16e-04 2.01e-04 -11.0 5.23e-01  -3.7 1.00e+00 1.00e+00h  1
  78  5.9897469e+01 8.59e-05 1.12e-04 -11.0 1.92e-01  -3.2 1.00e+00 1.00e+00h  1
  79  5.9817352e+01 1.25e-05 1.11e-04 -11.0 7.17e-02  -2.8 1.00e+00 1.00e+00h  1
iter    objective    inf_pr   inf_du lg(mu)  ||d||  lg(rg) alpha_du alpha_pr  ls
  80  5.9138461e+01 9.79e-04 1.97e-04 -11.0 6.28e-01  -3.8 1.00e+00 1.00e+00h  1
  81  5.8424677e+01 1.08e-03 2.94e-04 -11.0 6.76e-01  -3.8 1.00e+00 1.00e+00h  1
  82  5.7682471e+01 1.23e-03 2.71e-04 -11.0 7.20e-01  -3.9 1.00e+00 1.00e+00h  1
  83  5.3601542e+01 7.45e-02 3.07e-01 -11.0 5.11e+00  -4.8 4.39e-01 1.00e+00h  1
  84  5.2831319e+01 8.61e-03 1.27e-02 -10.7 1.24e+00  -4.0 1.00e+00 1.00e+00h  1
  85  5.2784689e+01 1.84e-05 6.10e-04 -11.0 3.16e-02  -2.6 1.00e+00 1.00e+00h  1
  86  5.2715482e+01 2.16e-05 1.59e-04 -11.0 8.34e-02  -3.1 1.00e+00 1.00e+00h  1
  87  5.2146550e+01 1.59e-03 2.31e-04 -11.0 7.25e-01  -4.1 1.00e+00 1.00e+00h  1
  88  5.2112227e+01 7.52e-06 9.15e-05 -11.0 3.93e-02  -2.7 1.00e+00 1.00e+00h  1
  89  5.2102359e+01 4.78e-07 6.24e-05 -11.0 1.29e-02  -2.3 1.00e+00 1.00e+00h  1
iter    objective    inf_pr   inf_du lg(mu)  ||d||  lg(rg) alpha_du alpha_pr  ls
  90  5.2072992e+01 4.31e-06 6.23e-05 -11.0 3.86e-02  -2.8 1.00e+00 1.00e+00h  1
  91  5.1819559e+01 3.33e-04 6.12e-05 -11.0 3.41e-01  -3.7 1.00e+00 1.00e+00h  1
  92  5.1546674e+01 3.89e-04 6.50e-05 -11.0 3.80e-01  -3.8 1.00e+00 1.00e+00h  1
  93  5.1256019e+01 4.65e-04 7.03e-05 -11.0 4.21e-01  -3.8 1.00e+00 1.00e+00h  1
  94  5.0948149e+01 5.48e-04 8.00e-05 -11.0 4.65e-01  -3.9 1.00e+00 1.00e+00h  1
  95  5.0930548e+01 1.63e-06 6.13e-05 -11.0 2.28e-02  -2.6 1.00e+00 1.00e+00h  1
  96  5.0806118e+01 9.21e-05 1.22e-04 -11.0 1.94e-01  -3.5 1.00e+00 1.00e+00h  1
  97  5.0669237e+01 1.15e-04 5.76e-05 -11.0 2.17e-01  -3.6 1.00e+00 1.00e+00h  1
  98  5.0520024e+01 1.40e-04 5.71e-05 -11.0 2.42e-01  -3.6 1.00e+00 1.00e+00h  1
  99  5.0357962e+01 1.69e-04 5.65e-05 -11.0 2.69e-01  -3.7 1.00e+00 1.00e+00h  1
iter    objective    inf_pr   inf_du lg(mu)  ||d||  lg(rg) alpha_du alpha_pr  ls
 100  5.0349312e+01 3.83e-07 5.74e-05 -11.0 1.28e-02  -2.3 1.00e+00 1.00e+00h  1
 101  5.0326848e+01 3.30e-06 5.64e-05 -11.0 3.78e-02  -2.8 1.00e+00 1.00e+00h  1
 102  5.0318418e+01 4.60e-07 5.64e-05 -11.0 1.42e-02  -2.4 1.00e+00 1.00e+00h  1
 103  5.0243966e+01 3.68e-05 5.60e-05 -11.0 1.27e-01  -3.4 1.00e+00 1.00e+00h  1
 104  5.0161537e+01 4.53e-05 5.57e-05 -11.0 1.42e-01  -3.4 1.00e+00 1.00e+00h  1
 105  5.0130651e+01 6.28e-06 5.56e-05 -11.0 5.31e-02  -3.0 1.00e+00 1.00e+00h  1
 106  4.9871534e+01 4.85e-04 8.58e-05 -11.0 4.66e-01  -3.9 1.00e+00 1.00e+00h  1
 107  4.9311320e+01 3.14e-03 2.60e-01  -9.0 4.37e+00  -4.9 1.00e+00 3.24e-01h  1
 108  4.9310794e+01 3.13e-03 7.35e-01  -8.5 5.62e-01  -4.0 1.00e+00 1.73e-03h  1
 109  4.9268062e+01 3.52e-05 4.43e-04  -8.3 5.88e-02  -2.7 1.00e+00 1.00e+00h  1
iter    objective    inf_pr   inf_du lg(mu)  ||d||  lg(rg) alpha_du alpha_pr  ls
 110  4.8750291e+01 8.73e-03 1.10e-01  -6.8 8.81e+01    -  1.15e-01 9.06e-02f  1
 111  4.8662216e+01 2.58e-04 5.32e-03  -9.3 2.30e-01  -2.8 1.00e+00 1.00e+00h  1
 112  4.8539259e+01 1.96e-04 6.46e-03  -8.5 3.06e-01  -3.7 1.00e+00 1.00e+00h  1
 113  4.8410582e+01 1.83e-04 1.10e-02  -9.1 2.99e-01  -3.8 6.28e-01 1.00e+00h  1
 114  4.8403183e+01 5.61e-07 5.22e-05 -10.6 1.42e-02  -2.4 1.00e+00 1.00e+00h  1
 115  4.8385516e+01 3.54e-06 5.15e-05 -10.9 4.20e-02  -2.9 1.00e+00 1.00e+00h  1
 116  4.8378878e+01 4.95e-07 5.15e-05 -11.0 1.58e-02  -2.5 1.00e+00 1.00e+00h  1
 117  4.8320602e+01 3.90e-05 5.11e-05 -11.0 1.41e-01  -3.4 1.00e+00 1.00e+00h  1
 118  4.8298605e+01 5.32e-06 5.11e-05 -11.0 5.27e-02  -3.0 1.00e+00 1.00e+00h  1
 119  4.8116251e+01 3.97e-04 8.69e-05 -11.0 4.64e-01  -4.0 1.00e+00 1.00e+00h  1
iter    objective    inf_pr   inf_du lg(mu)  ||d||  lg(rg) alpha_du alpha_pr  ls
 120  4.8104403e+01 1.73e-06 5.02e-05 -11.0 2.19e-02  -2.6 1.00e+00 1.00e+00h  1
 121  4.8079068e+01 7.49e-06 4.97e-05 -11.0 6.49e-02  -3.1 1.00e+00 1.00e+00h  1
 122  4.7869221e+01 5.44e-04 1.28e-04 -11.0 5.68e-01  -4.1 1.00e+00 1.00e+00h  1
 123  4.7648543e+01 6.64e-04 1.44e-04 -11.0 6.21e-01  -4.1 1.00e+00 1.00e+00h  1
 124  4.7632673e+01 3.68e-06 4.64e-05 -11.0 2.88e-02  -2.8 1.00e+00 1.00e+00h  1
 125  4.7628875e+01 1.86e-07 4.67e-05 -11.0 1.09e-02  -2.4 1.00e+00 1.00e+00h  1
 126  4.7595342e+01 1.49e-05 4.65e-05 -11.0 9.73e-02  -3.3 1.00e+00 1.00e+00h  1
 127  4.7558081e+01 1.87e-05 4.62e-05 -11.0 1.09e-01  -3.4 1.00e+00 1.00e+00h  1
 128  4.7516889e+01 2.36e-05 4.59e-05 -11.0 1.22e-01  -3.4 1.00e+00 1.00e+00h  1
 129  4.7501389e+01 3.36e-06 4.58e-05 -11.0 4.55e-02  -3.0 1.00e+00 1.00e+00h  1
iter    objective    inf_pr   inf_du lg(mu)  ||d||  lg(rg) alpha_du alpha_pr  ls
 130  4.7495640e+01 4.66e-07 4.57e-05 -11.0 1.70e-02  -2.6 1.00e+00 1.00e+00h  1
 131  4.7493493e+01 6.53e-08 4.57e-05 -11.0 6.39e-03  -2.1 1.00e+00 1.00e+00h  1
 132  4.7487082e+01 5.85e-07 4.57e-05 -11.0 1.92e-02  -2.6 1.00e+00 1.00e+00h  1
 133  4.7484676e+01 8.25e-08 4.57e-05 -11.0 7.18e-03  -2.2 1.00e+00 1.00e+00h  1

Number of Iterations....: 133

                                   (scaled)                 (unscaled)
Objective...............:   1.5182062898122741e+00    4.7484675966910629e+01
Dual infeasibility......:   4.5660280138520447e-05    1.4281086974050816e-03
Constraint violation....:   8.2479212792918588e-08    8.2479212792918588e-08
Variable bound violation:   0.0000000000000000e+00    0.0000000000000000e+00
Complementarity.........:   1.0000000000000001e-11    3.1276827322841680e-10
Overall NLP error.......:   4.5660280138520447e-05    1.4281086974050816e-03


Number of objective function evaluations             = 134
Number of objective gradient evaluations             = 134
Number of equality constraint evaluations            = 134
Number of inequality constraint evaluations          = 134
Number of equality constraint Jacobian evaluations   = 134
Number of inequality constraint Jacobian evaluations = 134
Number of Lagrangian Hessian evaluations             = 133
Total seconds in IPOPT                               = 6570.967

EXIT: Solved To Acceptable Level.
[WV 6en4] solved defect=8.248e-08 peakF=41.4N peakVEL=12.5rad/s 6647s
[WV 6en4] DTVLQR rho=0.07357
[WV 6en4] CL handoff dev 0.01150 deg peakF 41.3 N
[WV 6en4] HOLD success=False maxF=150.0
